<?xml version="1.0" encoding="UTF-8"?>
<!-- Generated by org.testng.reporters.JUnitReportReporter -->
<testsuite name="TestSuites.BasicTestNG" tests="1" time="0.000" ignored="1" failures="0" timestamp="23 Aug 2023 04:33:20 GMT" skipped="0" hostname="DESKTOP-C1R9C2G" errors="0">
  <testcase name="print" time="0.000" classname="TestSuites.BasicTestNG"/>
  <testcase name="skippedMethod" classname="TestSuites.TestNGAttributes">
    <skipped/>
  </testcase> <!-- skippedMethod -->
</testsuite> <!-- TestSuites.BasicTestNG -->
