<?xml version="1.0" encoding="UTF-8"?>
<!-- Generated by org.testng.reporters.JUnitReportReporter -->
<testsuite name="Suite2.parameters" tests="1" time="0.001" ignored="1" failures="0" timestamp="23 Aug 2023 05:04:38 GMT" skipped="0" hostname="DESKTOP-C1R9C2G" errors="0">
  <testcase name="paramaterTest" time="0.001" classname="Suite2.parameters"/>
  <testcase name="skippedMethod" classname="TestSuites.TestNGAttributes">
    <skipped/>
  </testcase> <!-- skippedMethod -->
</testsuite> <!-- Suite2.parameters -->
