<?xml version="1.0" encoding="UTF-8"?>
<!-- Generated by org.testng.reporters.JUnitReportReporter -->
<testsuite name="Suite2.TestNgDataprovider" tests="4" time="0.003" ignored="1" failures="0" timestamp="23 Aug 2023 05:04:38 GMT" skipped="0" hostname="DESKTOP-C1R9C2G" errors="0">
  <testcase name="dataprovider2" time="0.000" classname="Suite2.TestNgDataprovider"/>
  <testcase name="dataprovider2" time="0.001" classname="Suite2.TestNgDataprovider"/>
  <testcase name="dataprovider1" time="0.001" classname="Suite2.TestNgDataprovider"/>
  <testcase name="dataprovider1" time="0.001" classname="Suite2.TestNgDataprovider"/>
  <testcase name="skippedMethod" classname="TestSuites.TestNGAttributes">
    <skipped/>
  </testcase> <!-- skippedMethod -->
</testsuite> <!-- Suite2.TestNgDataprovider -->
