<?xml version="1.0" encoding="UTF-8"?>
<!-- Generated by org.testng.reporters.JUnitReportReporter -->
<testsuite name="TestSuites.TestNGAttributes" tests="5" time="0.000" ignored="1" failures="0" timestamp="23 Aug 2023 05:04:38 GMT" skipped="0" hostname="DESKTOP-C1R9C2G" errors="0">
  <testcase name="mependentMethod" time="0.000" classname="TestSuites.TestNGAttributes"/>
  <testcase name="priority4Method" time="0.000" classname="TestSuites.TestNGAttributes"/>
  <testcase name="enabledMethod" time="0.000" classname="TestSuites.TestNGAttributes"/>
  <testcase name="priority0Method" time="0.000" classname="TestSuites.TestNGAttributes"/>
  <testcase name="lwaysRunMethod" time="0.000" classname="TestSuites.TestNGAttributes"/>
  <testcase name="skippedMethod" classname="TestSuites.TestNGAttributes">
    <skipped/>
  </testcase> <!-- skippedMethod -->
</testsuite> <!-- TestSuites.TestNGAttributes -->
